<?xml version="1.0" encoding="UTF-8"?>
<testng-results ignored="0" total="1" passed="1" failed="0" skipped="0">
  <reporter-output>
  </reporter-output>
  <suite started-at="2018-02-05T13:43:51Z" name="Default suite" finished-at="2018-02-05T13:43:56Z" duration-ms="4378">
    <groups>
    </groups>
    <test started-at="2018-02-05T13:43:51Z" name="Default test" finished-at="2018-02-05T13:43:56Z" duration-ms="4378">
      <class name="restAssureTest.RestAssure_PUT">
        <test-method signature="putTest()[pri:0, instance:restAssureTest.RestAssure_PUT@15ca7889]" started-at="2018-02-05T19:13:51Z" name="putTest" finished-at="2018-02-05T19:13:56Z" duration-ms="4315" status="PASS">
          <reporter-output>
          </reporter-output>
        </test-method> <!-- putTest -->
      </class> <!-- restAssureTest.RestAssure_PUT -->
    </test> <!-- Default test -->
  </suite> <!-- Default suite -->
</testng-results>
